app/build/outputs/mapping/release/seeds.txt
info.yash.cricket.MainActivity
info.yash.cricket.MainActivity: MainActivity()
info.yash.cricket.R$anim: int abc_fade_in
info.yash.cricket.R$anim: int abc_fade_out
info.yash.cricket.R$anim: int abc_grow_fade_in_from_bottom
info.yash.cricket.R$anim: int abc_popup_enter
info.yash.cricket.R$anim: int abc_popup_exit
info.yash.cricket.R$anim: int abc_shrink_fade_out_from_bottom
info.yash.cricket.R$anim: int abc_slide_in_bottom
info.yash.cricket.R$anim: int abc_slide_in_top
info.yash.cricket.R$anim: int abc_slide_out_bottom
info.yash.cricket.R$anim: int abc_slide_out_top
info.yash.cricket.R$anim: int abc_tooltip_enter
info.yash.cricket.R$anim: int abc_tooltip_exit
info.yash.cricket.R$attr: int actionBarDivider
info.yash.cricket.R$attr: int actionBarItemBackground
info.yash.cricket.R$attr: int actionBarPopupTheme
info.yash.cricket.R$attr: int actionBarSize
info.yash.cricket.R$attr: int actionBarSplitStyle
info.yash.cricket.R$attr: int actionBarStyle
info.yash.cricket.R$attr: int actionBarTabBarStyle
info.yash.cricket.R$attr: int actionBarTabStyle
info.yash.cricket.R$attr: int actionBarTabTextStyle
info.yash.cricket.R$attr: int actionBarTheme
info.yash.cricket.R$attr: int actionBarWidgetTheme
info.yash.cricket.R$attr: int actionButtonStyle
info.yash.cricket.R$attr: int actionDropDownStyle
info.yash.cricket.R$attr: int actionLayout
info.yash.cricket.R$attr: int actionMenuTextAppearance
info.yash.cricket.R$attr: int actionMenuTextColor
info.yash.cricket.R$attr: int actionModeBackground
info.yash.cricket.R$attr: int actionModeCloseButtonStyle
info.yash.cricket.R$attr: int actionModeCloseDrawable
info.yash.cricket.R$attr: int actionModeCopyDrawable
info.yash.cricket.R$attr: int actionModeCutDrawable
info.yash.cricket.R$attr: int actionModeFindDrawable
info.yash.cricket.R$attr: int actionModePasteDrawable
info.yash.cricket.R$attr: int actionModePopupWindowStyle
info.yash.cricket.R$attr: int actionModeSelectAllDrawable
info.yash.cricket.R$attr: int actionModeShareDrawable
info.yash.cricket.R$attr: int actionModeSplitBackground
info.yash.cricket.R$attr: int actionModeStyle
info.yash.cricket.R$attr: int actionModeWebSearchDrawable
info.yash.cricket.R$bool: int abc_action_bar_embed_tabs
info.yash.cricket.R$bool: int abc_allow_stacked_button_bar
info.yash.cricket.R$bool: int abc_config_actionMenuItemAllCaps
info.yash.cricket.R$color: int abc_background_cache_hint_selector_material_dark
info.yash.cricket.R$color: int abc_background_cache_hint_selector_material_light
info.yash.cricket.R$color: int abc_btn_colored_borderless_text_material
info.yash.cricket.R$color: int abc_btn_colored_text_material
info.yash.cricket.R$color: int abc_color_highlight_material
info.yash.cricket.R$color: int abc_hint_foreground_material_dark
info.yash.cricket.R$color: int abc_hint_foreground_material_light
info.yash.cricket.R$color: int abc_input_method_navigation_guard
info.yash.cricket.R$color: int abc_primary_text_disable_only_material_dark
info.yash.cricket.R$color: int abc_primary_text_disable_only_material_light
info.yash.cricket.R$color: int abc_primary_text_material_dark
info.yash.cricket.R$color: int abc_primary_text_material_light
info.yash.cricket.R$color: int abc_search_url_text
info.yash.cricket.R$color: int abc_search_url_text_normal
info.yash.cricket.R$color: int abc_search_url_text_pressed
info.yash.cricket.R$color: int abc_search_url_text_selected
info.yash.cricket.R$color: int abc_secondary_text_material_dark
info.yash.cricket.R$color: int abc_secondary_text_material_light
info.yash.cricket.R$color: int abc_tint_btn_checkable
info.yash.cricket.R$color: int abc_tint_default
info.yash.cricket.R$color: int abc_tint_edittext
info.yash.cricket.R$color: int abc_tint_seek_thumb
info.yash.cricket.R$color: int abc_tint_spinner
info.yash.cricket.R$color: int abc_tint_switch_track
...
android.support.coordinatorlayout.R$integer: int status_bar_notification_info_maxnum
android.support.coordinatorlayout.R$layout: int notification_action
android.support.coordinatorlayout.R$layout: int notification_action_tombstone
android.support.coordinatorlayout.R$layout: int notification_template_custom_big
android.support.coordinatorlayout.R$layout: int notification_template_icon_group
android.support.coordinatorlayout.R$layout: int notification_template_part_chronometer
android.support.coordinatorlayout.R$layout: int notification_template_part_time
android.support.coordinatorlayout.R$string: int status_bar_notification_info_overflow
android.support.coordinatorlayout.R$style: int TextAppearance_Compat_Notification
android.support.coordinatorlayout.R$style: int TextAppearance_Compat_Notification_Info
android.support.coordinatorlayout.R$style: int TextAppearance_Compat_Notification_Line2
android.support.coordinatorlayout.R$style: int TextAppearance_Compat_Notification_Time
android.support.coordinatorlayout.R$style: int TextAppearance_Compat_Notification_Title
android.support.coordinatorlayout.R$style: int Widget_Compat_NotificationActionContainer
android.support.coordinatorlayout.R$style: int Widget_Compat_NotificationActionText
android.support.coordinatorlayout.R$style: int Widget_Support_CoordinatorLayout
android.support.coordinatorlayout.R$styleable: int[] ColorStateListItem
android.support.coordinatorlayout.R$styleable: int ColorStateListItem_android_color
android.support.coordinatorlayout.R$styleable: int ColorStateListItem_android_alpha
android.support.coordinatorlayout.R$styleable: int ColorStateListItem_alpha
android.support.coordinatorlayout.R$styleable: int[] CoordinatorLayout
android.support.coordinatorlayout.R$styleable: int CoordinatorLayout_keylines
android.support.coordinatorlayout.R$styleable: int CoordinatorLayout_statusBarBackground
android.support.coordinatorlayout.R$styleable: int[] CoordinatorLayout_Layout
android.support.coordinatorlayout.R$styleable: int CoordinatorLayout_Layout_android_layout_gravity
android.support.coordinatorlayout.R$styleable: int CoordinatorLayout_Layout_layout_anchor
android.support.coordinatorlayout.R$styleable: int CoordinatorLayout_Layout_layout_anchorGravity
android.support.coordinatorlayout.R$styleable: int CoordinatorLayout_Layout_layout_behavior
android.support.coordinatorlayout.R$styleable: int CoordinatorLayout_Layout_layout_dodgeInsetEdges
android.support.coordinatorlayout.R$styleable: int CoordinatorLayout_Layout_layout_insetEdge
android.support.coordinatorlayout.R$styleable: int CoordinatorLayout_Layout_layout_keyline
android.support.coordinatorlayout.R$styleable: int[] FontFamily
android.support.coordinatorlayout.R$styleable: int FontFamily_fontProviderAuthority
android.support.coreui.R$attr: int alpha
android.support.coreui.R$attr: int coordinatorLayoutStyle
android.support.coreui.R$attr: int font
android.support.coreui.R$attr: int fontProviderAuthority
android.support.coreui.R$attr: int fontProviderCerts
android.support.coreui.R$attr: int fontProviderFetchStrategy
android.support.coreui.R$attr: int fontProviderFetchTimeout
android.support.coreui.R$attr: int fontProviderPackage
android.support.coreui.R$attr: int fontProviderQuery
android.support.coreui.R$attr: int fontStyle
android.support.coreui.R$attr: int fontVariationSettings
android.support.coreui.R$attr: int fontWeight
android.support.coreui.R$attr: int keylines
android.support.coreui.R$attr: int layout_anchor
android.support.coreui.R$attr: int layout_anchorGravity
android.support.coreui.R$attr: int layout_behavior
android.support.coreui.R$attr: int layout_dodgeInsetEdges
android.support.coreui.R$attr: int layout_insetEdge
android.support.coreui.R$attr: int layout_keyline
android.support.coreui.R$attr: int statusBarBackground
android.support.coreui.R$attr: int ttcIndex