app/build/outputs/mapping/release/mapping.txt
info.yash.cricket.MainActivity -> info.yash.cricket.MainActivity:
    java.lang.String url -> a
    android.webkit.WebView mWebView -> b
    android.widget.ProgressBar prgs -> c
    void <init>() -> <init>
    void onCreate(android.os.Bundle) -> onCreate
    boolean onKeyDown(int,android.view.KeyEvent) -> onKeyDown
info.yash.cricket.MainActivity$1 -> info.yash.cricket.MainActivity$1:
    info.yash.cricket.MainActivity this$0 -> a
    void <init>(info.yash.cricket.MainActivity) -> <init>
    boolean shouldOverrideUrlLoading(android.webkit.WebView,java.lang.String) -> shouldOverrideUrlLoading
    void onPageStarted(android.webkit.WebView,java.lang.String,android.graphics.Bitmap) -> onPageStarted
    void onLoadResource(android.webkit.WebView,java.lang.String) -> onLoadResource
    void onPageFinished(android.webkit.WebView,java.lang.String) -> onPageFinished
info.yash.cricket.SplashActivity -> info.yash.cricket.SplashActivity:
    void <init>() -> <init>
    void onCreate(android.os.Bundle) -> onCreate
info.yash.cricket.SplashActivity$1 -> info.yash.cricket.SplashActivity$1:
    info.yash.cricket.SplashActivity this$0 -> a
    void <init>(info.yash.cricket.SplashActivity) -> <init>
    void run() -> run
...
android.support.v7.widget.SearchView$6 -> android.support.v7.widget.SearchView$7:
    android.support.v7.widget.SearchView this$0 -> a
    void <init>(android.support.v7.widget.SearchView) -> <init>
    boolean onKey(android.view.View,int,android.view.KeyEvent) -> onKey
android.support.v7.widget.SearchView$7 -> android.support.v7.widget.SearchView$8:
    android.support.v7.widget.SearchView this$0 -> a
    void <init>(android.support.v7.widget.SearchView) -> <init>
    boolean onEditorAction(android.widget.TextView,int,android.view.KeyEvent) -> onEditorAction
android.support.v7.widget.SearchView$8 -> android.support.v7.widget.SearchView$9:
    android.support.v7.widget.SearchView this$0 -> a
    void <init>(android.support.v7.widget.SearchView) -> <init>
    void onItemClick(android.widget.AdapterView,android.view.View,int,long) -> onItemClick
android.support.v7.widget.SearchView$9 -> android.support.v7.widget.SearchView$10:
    android.support.v7.widget.SearchView this$0 -> a
    void <init>(android.support.v7.widget.SearchView) -> <init>
    void onItemSelected(android.widget.AdapterView,android.view.View,int,long) -> onItemSelected
    void onNothingSelected(android.widget.AdapterView) -> onNothingSelected
android.support.v7.widget.SearchView$AutoCompleteTextViewReflector -> android.support.v7.widget.SearchView$a:
    java.lang.reflect.Method doBeforeTextChanged -> a
    java.lang.reflect.Method doAfterTextChanged -> b
    java.lang.reflect.Method ensureImeVisible -> c
    void <init>() -> <init>
    void doBeforeTextChanged(android.widget.AutoCompleteTextView) -> a
    void doAfterTextChanged(android.widget.AutoCompleteTextView) -> b
    void ensureImeVisible(android.widget.AutoCompleteTextView,boolean) -> a
android.support.v7.widget.SearchView$OnCloseListener -> android.support.v7.widget.SearchView$b:
    boolean onClose() -> a
android.support.v7.widget.SearchView$OnQueryTextListener -> android.support.v7.widget.SearchView$c:
    boolean onQueryTextSubmit(java.lang.String) -> a
    boolean onQueryTextChange(java.lang.String) -> b
android.support.v7.widget.SearchView$OnSuggestionListener -> android.support.v7.widget.SearchView$d:
    boolean onSuggestionSelect(int) -> a
    boolean onSuggestionClick(int) -> b
android.support.v7.widget.SearchView$SavedState -> android.support.v7.widget.SearchView$e:
    boolean isIconified -> b
    android.os.Parcelable$Creator CREATOR -> CREATOR
    void <init>(android.os.Parcelable) -> <init>
    void <init>(android.os.Parcel,java.lang.ClassLoader) -> <init>
    void writeToParcel(android.os.Parcel,int) -> writeToParcel
    java.lang.String toString() -> toString
    void <clinit>() -> <clinit>
android.support.v7.widget.SearchView$SavedState$1 -> android.support.v7.widget.SearchView$e$1:
    void <init>() -> <init>
    android.support.v7.widget.SearchView$SavedState createFromParcel(android.os.Parcel,java.lang.ClassLoader) -> a
    android.support.v7.widget.SearchView$SavedState createFromParcel(android.os.Parcel) -> a
    android.support.v7.widget.SearchView$SavedState[] newArray(int) -> a
    java.lang.Object createFromParcel(android.os.Parcel,java.lang.ClassLoader) -> createFromParcel
    java.lang.Object[] newArray(int) -> newArray
    java.lang.Object createFromParcel(android.os.Parcel) -> createFromParcel