app/build/outputs/mapping/release/usage.txt
info.yash.cricket.BuildConfig
info.yash.cricket.MainActivity:
    android.widget.RelativeLayout splash
info.yash.cricket.R
info.yash.cricket.R$anim
info.yash.cricket.R$attr
info.yash.cricket.R$bool
info.yash.cricket.R$color
info.yash.cricket.R$dimen
info.yash.cricket.R$drawable
info.yash.cricket.R$id
info.yash.cricket.R$integer
info.yash.cricket.R$layout
info.yash.cricket.R$string
info.yash.cricket.R$style
info.yash.cricket.R$styleable
...
android.support.v7.app.AppCompatViewInflater:
    private static final java.lang.String LOG_TAG
android.support.v7.app.NavItemSelectedListener
android.support.v7.app.ResourcesFlusher:
    private static final java.lang.String TAG
    209:210:private ResourcesFlusher()
android.support.v7.app.ToolbarActionBar:
    boolean mToolbarMenuPrepared
    private final android.support.v7.widget.Toolbar$OnMenuItemClickListener mMenuClicker
    51:74:ToolbarActionBar(android.support.v7.widget.Toolbar,java.lang.CharSequence,android.view.Window$Callback)
    77:77:public android.view.Window$Callback getWrappedWindowCallback()
    82:83:public void setCustomView(android.view.View)
    87:91:public void setCustomView(android.view.View,android.support.v7.app.ActionBar$LayoutParams)
    95:97:public void setCustomView(int)
    101:102:public void setIcon(int)
    106:107:public void setIcon(android.graphics.drawable.Drawable)
    111:112:public void setLogo(int)
    116:117:public void setLogo(android.graphics.drawable.Drawable)
    122:122:public void setStackedBackgroundDrawable(android.graphics.drawable.Drawable)
    127:127:public void setSplitBackgroundDrawable(android.graphics.drawable.Drawable)
    141:141:public float getElevation()
    151:151:public boolean isTitleTruncated()
    156:157:public void setHomeAsUpIndicator(android.graphics.drawable.Drawable)
    161:162:public void setHomeAsUpIndicator(int)
    166:167:public void setHomeActionContentDescription(java.lang.CharSequence)
    176:177:public void setHomeActionContentDescription(int)
    191:192:public void setListNavigationCallbacks(android.widget.SpinnerAdapter,android.support.v7.app.ActionBar$OnNavigationListener)
    196:204:public void setSelectedNavigationItem(int)
android.support.v7.app.ToolbarActionBar$1
android.support.v7.app.ToolbarActionBar$2
android.support.v7.app.ToolbarActionBar$ToolbarCallbackWrapper
android.support.v7.app.TwilightCalculator:
    public static final int DAY
    public static final int NIGHT
    private static final float DEGREES_TO_RADIANS
    private static final float J0
    private static final float ALTIDUTE_CORRECTION_CIVIL_TWILIGHT
    private static final float C1
    private static final float C2
    private static final float C3
    private static final float OBLIQUITY
    private static final long UTC_2000
android.support.v7.app.TwilightManager:
    private static final java.lang.String TAG
    private static final int SUNRISE
    private static final int SUNSET
    60:61:static void setInstance(android.support.v7.app.TwilightManager)